<?xml version="1.0" encoding="UTF-8"?>
<!-- Generated by org.testng.reporters.JUnitXMLReporter -->
<testsuite ignored="0" hostname="DESKTOP-N995C3G" failures="2" tests="15" name="Test" time="312.7" errors="0" timestamp="2023-06-06T18:49:47 IST">
  <testcase classname="baseSpiceJet.BaseClassSJ" name="@BeforeMethod start" time="1.493">
    <failure type="org.openqa.selenium.SessionNotCreatedException" message="session not created
from no such execution context: uniqueContextId not found
  (Session info: chrome=114.0.5735.110)
Build info: version: &amp;apos;3.141.59&amp;apos;, revision: &amp;apos;e82be7d358&amp;apos;, time: &amp;apos;2018-11-14T08:17:03&amp;apos;
System info: host: &amp;apos;DESKTOP-N995C3G&amp;apos;, ip: &amp;apos;192.168.43.6&amp;apos;, os.name: &amp;apos;Windows 11&amp;apos;, os.arch: &amp;apos;amd64&amp;apos;, os.version: &amp;apos;10.0&amp;apos;, java.version: &amp;apos;17.0.5&amp;apos;
Driver info: driver.version: ChromeDriver
remote stacktrace: Backtrace:
	GetHandleVerifier [0x00CDA813+48355]
	(No symbol) [0x00C6C4B1]
	(No symbol) [0x00B75358]
	(No symbol) [0x00B689B0]
	(No symbol) [0x00B67138]
	(No symbol) [0x00B677AA]
	(No symbol) [0x00B78417]
	(No symbol) [0x00B799E1]
	(No symbol) [0x00B79A80]
	(No symbol) [0x00BC1F1B]
	(No symbol) [0x00BC093C]
	(No symbol) [0x00BBA536]
	(No symbol) [0x00B982DC]
	(No symbol) [0x00B993DD]
	GetHandleVerifier [0x00F3AABD+2539405]
	GetHandleVerifier [0x00F7A78F+2800735]
	GetHandleVerifier [0x00F7456C+2775612]
	GetHandleVerifier [0x00D651E0+616112]
	(No symbol) [0x00C75F8C]
	(No symbol) [0x00C72328]
	(No symbol) [0x00C7240B]
	(No symbol) [0x00C64FF7]
	BaseThreadInitThunk [0x764D7D59+25]
	RtlInitializeExceptionChain [0x7782B74B+107]
	RtlClearBits [0x7782B6CF+191]
">
      <![CDATA[org.openqa.selenium.SessionNotCreatedException: session not created
from no such execution context: uniqueContextId not found
  (Session info: chrome=114.0.5735.110)
Build info: version: '3.141.59', revision: 'e82be7d358', time: '2018-11-14T08:17:03'
System info: host: 'DESKTOP-N995C3G', ip: '192.168.43.6', os.name: 'Windows 11', os.arch: 'amd64', os.version: '10.0', java.version: '17.0.5'
Driver info: driver.version: ChromeDriver
remote stacktrace: Backtrace:
GetHandleVerifier [0x00CDA813+48355]
(No symbol) [0x00C6C4B1]
(No symbol) [0x00B75358]
(No symbol) [0x00B689B0]
(No symbol) [0x00B67138]
(No symbol) [0x00B677AA]
(No symbol) [0x00B78417]
(No symbol) [0x00B799E1]
(No symbol) [0x00B79A80]
(No symbol) [0x00BC1F1B]
(No symbol) [0x00BC093C]
(No symbol) [0x00BBA536]
(No symbol) [0x00B982DC]
(No symbol) [0x00B993DD]
GetHandleVerifier [0x00F3AABD+2539405]
GetHandleVerifier [0x00F7A78F+2800735]
GetHandleVerifier [0x00F7456C+2775612]
GetHandleVerifier [0x00D651E0+616112]
(No symbol) [0x00C75F8C]
(No symbol) [0x00C72328]
(No symbol) [0x00C7240B]
(No symbol) [0x00C64FF7]
BaseThreadInitThunk [0x764D7D59+25]
RtlInitializeExceptionChain [0x7782B74B+107]
RtlClearBits [0x7782B6CF+191]

at org.openqa.selenium.remote.W3CHandshakeResponse.lambda$errorHandler$0(W3CHandshakeResponse.java:62)
at org.openqa.selenium.remote.HandshakeResponse.lambda$getResponseFunction$0(HandshakeResponse.java:30)
at org.openqa.selenium.remote.ProtocolHandshake.lambda$createSession$0(ProtocolHandshake.java:126)
at java.base/java.util.stream.ReferencePipeline$3$1.accept(ReferencePipeline.java:197)
at java.base/java.util.Spliterators$ArraySpliterator.tryAdvance(Spliterators.java:1002)
at java.base/java.util.stream.ReferencePipeline.forEachWithCancel(ReferencePipeline.java:129)
at java.base/java.util.stream.AbstractPipeline.copyIntoWithCancel(AbstractPipeline.java:527)
at java.base/java.util.stream.AbstractPipeline.copyInto(AbstractPipeline.java:513)
at java.base/java.util.stream.AbstractPipeline.wrapAndCopyInto(AbstractPipeline.java:499)
at java.base/java.util.stream.FindOps$FindOp.evaluateSequential(FindOps.java:150)
at java.base/java.util.stream.AbstractPipeline.evaluate(AbstractPipeline.java:234)
at java.base/java.util.stream.ReferencePipeline.findFirst(ReferencePipeline.java:647)
at org.openqa.selenium.remote.ProtocolHandshake.createSession(ProtocolHandshake.java:128)
at org.openqa.selenium.remote.ProtocolHandshake.createSession(ProtocolHandshake.java:74)
at org.openqa.selenium.remote.HttpCommandExecutor.execute(HttpCommandExecutor.java:136)
at org.openqa.selenium.remote.service.DriverCommandExecutor.execute(DriverCommandExecutor.java:83)
at org.openqa.selenium.remote.RemoteWebDriver.execute(RemoteWebDriver.java:552)
at org.openqa.selenium.remote.RemoteWebDriver.startSession(RemoteWebDriver.java:213)
at org.openqa.selenium.remote.RemoteWebDriver.<init>(RemoteWebDriver.java:131)
at org.openqa.selenium.chrome.ChromeDriver.<init>(ChromeDriver.java:181)
at org.openqa.selenium.chrome.ChromeDriver.<init>(ChromeDriver.java:168)
at org.openqa.selenium.chrome.ChromeDriver.<init>(ChromeDriver.java:123)
at utilsSpiceJet.UtilsSpiceJet.launchBrowser(UtilsSpiceJet.java:55)
at baseSpiceJet.BaseClassSJ.start(BaseClassSJ.java:13)
at java.base/java.util.ArrayList.forEach(ArrayList.java:1511)
... Removed 36 stack frames]]>
    </failure>
  </testcase> <!-- @BeforeMethod start -->
  <testcase classname="baseSpiceJet.BaseClassSJ" name="@AfterMethod close" time="-1.686057481698E9">
    <skipped/>
  </testcase> <!-- @AfterMethod close -->
  <testcase classname="baseSpiceJet.BaseClassSJ" name="@BeforeMethod start" time="-1.686057481714E9">
    <skipped/>
  </testcase> <!-- @BeforeMethod start -->
  <testcase classname="baseSpiceJet.BaseClassSJ" name="@AfterMethod close" time="-1.686057481714E9">
    <skipped/>
  </testcase> <!-- @AfterMethod close -->
  <testcase classname="testSpiceJet.TC_03_ValidateSignUp" name="tc_03_ValidateSignUp" time="11.024">
    <failure type="org.openqa.selenium.ElementClickInterceptedException" message="element click intercepted: Element is not clickable at point (83, 749)
  (Session info: chrome=114.0.5735.110)
Build info: version: &amp;apos;3.141.59&amp;apos;, revision: &amp;apos;e82be7d358&amp;apos;, time: &amp;apos;2018-11-14T08:17:03&amp;apos;
System info: host: &amp;apos;DESKTOP-N995C3G&amp;apos;, ip: &amp;apos;192.168.43.6&amp;apos;, os.name: &amp;apos;Windows 11&amp;apos;, os.arch: &amp;apos;amd64&amp;apos;, os.version: &amp;apos;10.0&amp;apos;, java.version: &amp;apos;17.0.5&amp;apos;
Driver info: org.openqa.selenium.chrome.ChromeDriver
Capabilities {acceptInsecureCerts: false, browserName: chrome, browserVersion: 114.0.5735.110, chrome: {chromedriverVersion: 114.0.5735.90 (386bc09e8f4f..., userDataDir: C:\Users\HP\AppData\Local\T...}, goog:chromeOptions: {debuggerAddress: localhost:59169}, javascriptEnabled: true, networkConnectionEnabled: false, pageLoadStrategy: normal, platform: WINDOWS, platformName: WINDOWS, proxy: Proxy(), setWindowRect: true, strictFileInteractability: false, timeouts: {implicit: 0, pageLoad: 300000, script: 30000}, unhandledPromptBehavior: dismiss and notify, webauthn:extension:credBlob: true, webauthn:extension:largeBlob: true, webauthn:extension:minPinLength: true, webauthn:extension:prf: true, webauthn:virtualAuthenticators: true}
Session ID: 4dffc4a8609ee23adafe59634edf5286">
      <![CDATA[org.openqa.selenium.ElementClickInterceptedException: element click intercepted: Element is not clickable at point (83, 749)
  (Session info: chrome=114.0.5735.110)
Build info: version: '3.141.59', revision: 'e82be7d358', time: '2018-11-14T08:17:03'
System info: host: 'DESKTOP-N995C3G', ip: '192.168.43.6', os.name: 'Windows 11', os.arch: 'amd64', os.version: '10.0', java.version: '17.0.5'
Driver info: org.openqa.selenium.chrome.ChromeDriver
Capabilities {acceptInsecureCerts: false, browserName: chrome, browserVersion: 114.0.5735.110, chrome: {chromedriverVersion: 114.0.5735.90 (386bc09e8f4f..., userDataDir: C:\Users\HP\AppData\Local\T...}, goog:chromeOptions: {debuggerAddress: localhost:59169}, javascriptEnabled: true, networkConnectionEnabled: false, pageLoadStrategy: normal, platform: WINDOWS, platformName: WINDOWS, proxy: Proxy(), setWindowRect: true, strictFileInteractability: false, timeouts: {implicit: 0, pageLoad: 300000, script: 30000}, unhandledPromptBehavior: dismiss and notify, webauthn:extension:credBlob: true, webauthn:extension:largeBlob: true, webauthn:extension:minPinLength: true, webauthn:extension:prf: true, webauthn:virtualAuthenticators: true}
Session ID: 4dffc4a8609ee23adafe59634edf5286
at org.openqa.selenium.remote.http.W3CHttpResponseCodec.createException(W3CHttpResponseCodec.java:187)
at org.openqa.selenium.remote.http.W3CHttpResponseCodec.decode(W3CHttpResponseCodec.java:122)
at org.openqa.selenium.remote.http.W3CHttpResponseCodec.decode(W3CHttpResponseCodec.java:49)
at org.openqa.selenium.remote.HttpCommandExecutor.execute(HttpCommandExecutor.java:158)
at org.openqa.selenium.remote.service.DriverCommandExecutor.execute(DriverCommandExecutor.java:83)
at org.openqa.selenium.remote.RemoteWebDriver.execute(RemoteWebDriver.java:552)
at org.openqa.selenium.remote.RemoteWebElement.execute(RemoteWebElement.java:285)
at org.openqa.selenium.remote.RemoteWebElement.click(RemoteWebElement.java:84)
at org.openqa.selenium.support.pagefactory.internal.LocatingElementHandler.invoke(LocatingElementHandler.java:51)
at jdk.proxy2/jdk.proxy2.$Proxy15.click(Unknown Source)
at utilsSpiceJet.UtilsSpiceJet.clickOn(UtilsSpiceJet.java:104)
at pagesSpiceJet.SignUpPage.memberEnrollment(SignUpPage.java:73)
at testSpiceJet.TC_03_ValidateSignUp.tc_03_ValidateSignUp(TC_03_ValidateSignUp.java:23)
at java.base/java.util.ArrayList.forEach(ArrayList.java:1511)
... Removed 36 stack frames]]>
    </failure>
  </testcase> <!-- tc_03_ValidateSignUp -->
  <testcase classname="testSpiceJet.TC_03_ValidateSignUp" name="tc_03_ValidateSignUp" time="11.386">
    <failure type="org.openqa.selenium.ElementClickInterceptedException" message="element click intercepted: Element is not clickable at point (83, 800)
  (Session info: chrome=114.0.5735.110)
Build info: version: &amp;apos;3.141.59&amp;apos;, revision: &amp;apos;e82be7d358&amp;apos;, time: &amp;apos;2018-11-14T08:17:03&amp;apos;
System info: host: &amp;apos;DESKTOP-N995C3G&amp;apos;, ip: &amp;apos;192.168.43.6&amp;apos;, os.name: &amp;apos;Windows 11&amp;apos;, os.arch: &amp;apos;amd64&amp;apos;, os.version: &amp;apos;10.0&amp;apos;, java.version: &amp;apos;17.0.5&amp;apos;
Driver info: org.openqa.selenium.chrome.ChromeDriver
Capabilities {acceptInsecureCerts: false, browserName: chrome, browserVersion: 114.0.5735.110, chrome: {chromedriverVersion: 114.0.5735.90 (386bc09e8f4f..., userDataDir: C:\Users\HP\AppData\Local\T...}, goog:chromeOptions: {debuggerAddress: localhost:59250}, javascriptEnabled: true, networkConnectionEnabled: false, pageLoadStrategy: normal, platform: WINDOWS, platformName: WINDOWS, proxy: Proxy(), setWindowRect: true, strictFileInteractability: false, timeouts: {implicit: 0, pageLoad: 300000, script: 30000}, unhandledPromptBehavior: dismiss and notify, webauthn:extension:credBlob: true, webauthn:extension:largeBlob: true, webauthn:extension:minPinLength: true, webauthn:extension:prf: true, webauthn:virtualAuthenticators: true}
Session ID: a5e7feb49b0851ed2135b29465e8f05f">
      <![CDATA[org.openqa.selenium.ElementClickInterceptedException: element click intercepted: Element is not clickable at point (83, 800)
  (Session info: chrome=114.0.5735.110)
Build info: version: '3.141.59', revision: 'e82be7d358', time: '2018-11-14T08:17:03'
System info: host: 'DESKTOP-N995C3G', ip: '192.168.43.6', os.name: 'Windows 11', os.arch: 'amd64', os.version: '10.0', java.version: '17.0.5'
Driver info: org.openqa.selenium.chrome.ChromeDriver
Capabilities {acceptInsecureCerts: false, browserName: chrome, browserVersion: 114.0.5735.110, chrome: {chromedriverVersion: 114.0.5735.90 (386bc09e8f4f..., userDataDir: C:\Users\HP\AppData\Local\T...}, goog:chromeOptions: {debuggerAddress: localhost:59250}, javascriptEnabled: true, networkConnectionEnabled: false, pageLoadStrategy: normal, platform: WINDOWS, platformName: WINDOWS, proxy: Proxy(), setWindowRect: true, strictFileInteractability: false, timeouts: {implicit: 0, pageLoad: 300000, script: 30000}, unhandledPromptBehavior: dismiss and notify, webauthn:extension:credBlob: true, webauthn:extension:largeBlob: true, webauthn:extension:minPinLength: true, webauthn:extension:prf: true, webauthn:virtualAuthenticators: true}
Session ID: a5e7feb49b0851ed2135b29465e8f05f
at org.openqa.selenium.remote.http.W3CHttpResponseCodec.createException(W3CHttpResponseCodec.java:187)
at org.openqa.selenium.remote.http.W3CHttpResponseCodec.decode(W3CHttpResponseCodec.java:122)
at org.openqa.selenium.remote.http.W3CHttpResponseCodec.decode(W3CHttpResponseCodec.java:49)
at org.openqa.selenium.remote.HttpCommandExecutor.execute(HttpCommandExecutor.java:158)
at org.openqa.selenium.remote.service.DriverCommandExecutor.execute(DriverCommandExecutor.java:83)
at org.openqa.selenium.remote.RemoteWebDriver.execute(RemoteWebDriver.java:552)
at org.openqa.selenium.remote.RemoteWebElement.execute(RemoteWebElement.java:285)
at org.openqa.selenium.remote.RemoteWebElement.click(RemoteWebElement.java:84)
at org.openqa.selenium.support.pagefactory.internal.LocatingElementHandler.invoke(LocatingElementHandler.java:51)
at jdk.proxy2/jdk.proxy2.$Proxy15.click(Unknown Source)
at utilsSpiceJet.UtilsSpiceJet.clickOn(UtilsSpiceJet.java:104)
at pagesSpiceJet.SignUpPage.memberEnrollment(SignUpPage.java:73)
at testSpiceJet.TC_03_ValidateSignUp.tc_03_ValidateSignUp(TC_03_ValidateSignUp.java:23)
at java.base/java.util.ArrayList.forEach(ArrayList.java:1511)
... Removed 36 stack frames]]>
    </failure>
  </testcase> <!-- tc_03_ValidateSignUp -->
  <testcase classname="testSpiceJet.TC_07_FillingPassengerAndPaymentInfo" name="tc_07_FillingPassengerAndPaymentInfo" time="38.262"/>
  <testcase classname="testSpiceJet.TC_06_SelectFlight" name="tc_06_SelectFlight" time="14.554"/>
  <testcase classname="testSpiceJet.TC_09_ValidateFieldsPresentInBookingPage" name="tc_09_ValidateCheckIn" time="0.63"/>
  <testcase classname="testSpiceJet.TC_09_ValidateFieldsPresentInBookingPage" name="tc_09_ValidateFlightStatus" time="0.746"/>
  <testcase classname="testSpiceJet.TC_09_ValidateFieldsPresentInBookingPage" name="tc_09_ValidateManageBooking" time="0.738"/>
  <testcase classname="testSpiceJet.TC_05_SearchFlight_Oneway" name="tc_05_SearchFlight_Oneway" time="8.76"/>
  <testcase classname="testSpiceJet.TC_04_LoginFunctionality" name="tc_04_LoginFunctionality" time="3.454"/>
  <testcase classname="testSpiceJet.TC_04_LoginFunctionality" name="tc_04_LoginFunctionality" time="2.578"/>
  <testcase classname="testSpiceJet.TC_04_LoginFunctionality" name="tc_04_LoginFunctionality" time="0.0">
    <skipped/>
  </testcase> <!-- tc_04_LoginFunctionality -->
  <testcase classname="testSpiceJet.TC_04_LoginFunctionality" name="tc_04_LoginFunctionality" time="0.0">
    <skipped/>
  </testcase> <!-- tc_04_LoginFunctionality -->
  <testcase classname="testSpiceJet.TC_08_verifyFlightBookingConfirmation" name="tc_08_verifyFlightBookingConfirmation" time="41.516"/>
  <testcase classname="testSpiceJet.TC_05_SearchFlight_RoundTrip" name="tc_05_SearchFlight_RoundTrip" time="10.06"/>
  <testcase classname="testSpiceJet.TC_02_NavigateToSpiceJet" name="tc_02_NavigatingToSpiceJet" time="0.035"/>
</testsuite> <!-- Test -->
