<?xml version="1.0" encoding="UTF-8"?>
<testng-results ignored="0" total="6" passed="5" failed="1" skipped="0">
  <reporter-output>
  </reporter-output>
  <suite started-at="2023-06-06T18:52:57 IST" name="Failed suite [Suite]" finished-at="2023-06-06T18:54:54 IST" duration-ms="116749">
    <groups>
    </groups>
    <test started-at="2023-06-06T18:52:57 IST" name="Test(failed)" finished-at="2023-06-06T18:54:54 IST" duration-ms="116749">
      <class name="testSpiceJet.TC_04_LoginFunctionality">
        <test-method is-config="true" signature="declareSheetName()[pri:0, instance:testSpiceJet.TC_04_LoginFunctionality@1fa1cab1]" started-at="2023-06-06T18:52:57 IST" name="declareSheetName" finished-at="2023-06-06T18:52:57 IST" duration-ms="0" status="PASS">
          <reporter-output>
          </reporter-output>
        </test-method> <!-- declareSheetName -->
        <test-method is-config="true" signature="start()[pri:0, instance:testSpiceJet.TC_04_LoginFunctionality@1fa1cab1]" started-at="2023-06-06T18:52:59 IST" name="start" finished-at="2023-06-06T18:53:11 IST" duration-ms="12177" status="PASS">
          <reporter-output>
          </reporter-output>
        </test-method> <!-- start -->
        <test-method signature="tc_04_LoginFunctionality(java.lang.String,java.lang.String,java.lang.String,java.lang.String)[pri:0, instance:testSpiceJet.TC_04_LoginFunctionality@1fa1cab1]" started-at="2023-06-06T18:53:11 IST" name="tc_04_LoginFunctionality" data-provider="getExcelData" finished-at="2023-06-06T18:53:15 IST" duration-ms="3894" status="PASS">
          <params>
            <param index="0">
              <value>
                <![CDATA[]]>
              </value>
            </param>
            <param index="1">
              <value>
                <![CDATA[qwerty@123QWERTY]]>
              </value>
            </param>
            <param index="2">
              <value>
                <![CDATA[//div[@class='css-76zvg2 r-1ttbpl1 r-18tvxmy r-1enofrn r-1bymd8e']]]>
              </value>
            </param>
            <param index="3">
              <value>
                <![CDATA[Please enter a valid email address]]>
              </value>
            </param>
          </params>
          <reporter-output>
          </reporter-output>
        </test-method> <!-- tc_04_LoginFunctionality -->
        <test-method is-config="true" signature="close()[pri:0, instance:testSpiceJet.TC_04_LoginFunctionality@1fa1cab1]" started-at="2023-06-06T18:53:15 IST" name="close" finished-at="2023-06-06T18:53:16 IST" duration-ms="455" status="PASS">
          <reporter-output>
          </reporter-output>
        </test-method> <!-- close -->
        <test-method is-config="true" signature="start()[pri:0, instance:testSpiceJet.TC_04_LoginFunctionality@1fa1cab1]" started-at="2023-06-06T18:53:16 IST" name="start" finished-at="2023-06-06T18:53:26 IST" duration-ms="10403" status="PASS">
          <reporter-output>
          </reporter-output>
        </test-method> <!-- start -->
        <test-method signature="tc_04_LoginFunctionality(java.lang.String,java.lang.String,java.lang.String,java.lang.String)[pri:0, instance:testSpiceJet.TC_04_LoginFunctionality@1fa1cab1]" started-at="2023-06-06T18:53:26 IST" name="tc_04_LoginFunctionality" data-provider="getExcelData" finished-at="2023-06-06T18:53:29 IST" duration-ms="2913" status="PASS">
          <params>
            <param index="0">
              <value>
                <![CDATA[ninu@gmail.com]]>
              </value>
            </param>
            <param index="1">
              <value>
                <![CDATA[]]>
              </value>
            </param>
            <param index="2">
              <value>
                <![CDATA[//div[text()='Please enter a valid password']]]>
              </value>
            </param>
            <param index="3">
              <value>
                <![CDATA[Please enter a valid password]]>
              </value>
            </param>
          </params>
          <reporter-output>
          </reporter-output>
        </test-method> <!-- tc_04_LoginFunctionality -->
        <test-method is-config="true" signature="close()[pri:0, instance:testSpiceJet.TC_04_LoginFunctionality@1fa1cab1]" started-at="2023-06-06T18:53:29 IST" name="close" finished-at="2023-06-06T18:53:30 IST" duration-ms="664" status="PASS">
          <reporter-output>
          </reporter-output>
        </test-method> <!-- close -->
        <test-method is-config="true" signature="start()[pri:0, instance:testSpiceJet.TC_04_LoginFunctionality@1fa1cab1]" started-at="2023-06-06T18:53:30 IST" name="start" finished-at="2023-06-06T18:53:40 IST" duration-ms="10306" status="PASS">
          <reporter-output>
          </reporter-output>
        </test-method> <!-- start -->
        <test-method signature="tc_04_LoginFunctionality(java.lang.String,java.lang.String,java.lang.String,java.lang.String)[pri:0, instance:testSpiceJet.TC_04_LoginFunctionality@1fa1cab1]" started-at="2023-06-06T18:53:40 IST" name="tc_04_LoginFunctionality" data-provider="getExcelData" finished-at="2023-06-06T18:53:44 IST" duration-ms="3630" status="PASS">
          <params>
            <param index="0">
              <value>
                <![CDATA[ninugmail.com]]>
              </value>
            </param>
            <param index="1">
              <value>
                <![CDATA[qwerty@123QwERTY]]>
              </value>
            </param>
            <param index="2">
              <value>
                <![CDATA[//div[@class='css-76zvg2 r-1ttbpl1 r-18tvxmy r-1enofrn r-1bymd8e']]]>
              </value>
            </param>
            <param index="3">
              <value>
                <![CDATA[Please enter a valid email address]]>
              </value>
            </param>
          </params>
          <reporter-output>
          </reporter-output>
        </test-method> <!-- tc_04_LoginFunctionality -->
        <test-method is-config="true" signature="close()[pri:0, instance:testSpiceJet.TC_04_LoginFunctionality@1fa1cab1]" started-at="2023-06-06T18:53:44 IST" name="close" finished-at="2023-06-06T18:53:44 IST" duration-ms="404" status="PASS">
          <reporter-output>
          </reporter-output>
        </test-method> <!-- close -->
        <test-method is-config="true" signature="start()[pri:0, instance:testSpiceJet.TC_04_LoginFunctionality@1fa1cab1]" started-at="2023-06-06T18:53:44 IST" name="start" finished-at="2023-06-06T18:53:55 IST" duration-ms="10647" status="PASS">
          <reporter-output>
          </reporter-output>
        </test-method> <!-- start -->
        <test-method signature="tc_04_LoginFunctionality(java.lang.String,java.lang.String,java.lang.String,java.lang.String)[pri:0, instance:testSpiceJet.TC_04_LoginFunctionality@1fa1cab1]" started-at="2023-06-06T18:53:55 IST" name="tc_04_LoginFunctionality" data-provider="getExcelData" finished-at="2023-06-06T18:54:00 IST" duration-ms="5122" status="PASS">
          <params>
            <param index="0">
              <value>
                <![CDATA[ninu@gmail.com]]>
              </value>
            </param>
            <param index="1">
              <value>
                <![CDATA[qwerty@123QwERTY]]>
              </value>
            </param>
            <param index="2">
              <value>
                <![CDATA[//div[contains(text(),'Invalid Username/Password')]]]>
              </value>
            </param>
            <param index="3">
              <value>
                <![CDATA[Invalid Username/Password]]>
              </value>
            </param>
          </params>
          <reporter-output>
          </reporter-output>
        </test-method> <!-- tc_04_LoginFunctionality -->
        <test-method is-config="true" signature="close()[pri:0, instance:testSpiceJet.TC_04_LoginFunctionality@1fa1cab1]" started-at="2023-06-06T18:54:00 IST" name="close" finished-at="2023-06-06T18:54:00 IST" duration-ms="426" status="PASS">
          <reporter-output>
          </reporter-output>
        </test-method> <!-- close -->
      </class> <!-- testSpiceJet.TC_04_LoginFunctionality -->
      <class name="testSpiceJet.TC_03_ValidateSignUp">
        <test-method is-config="true" signature="declareSheetName()[pri:0, instance:testSpiceJet.TC_03_ValidateSignUp@2c78d320]" started-at="2023-06-06T18:52:57 IST" name="declareSheetName" finished-at="2023-06-06T18:52:57 IST" duration-ms="12" status="PASS">
          <reporter-output>
          </reporter-output>
        </test-method> <!-- declareSheetName -->
        <test-method is-config="true" signature="start()[pri:0, instance:testSpiceJet.TC_03_ValidateSignUp@2c78d320]" started-at="2023-06-06T18:54:00 IST" name="start" finished-at="2023-06-06T18:54:11 IST" duration-ms="10226" status="PASS">
          <reporter-output>
          </reporter-output>
        </test-method> <!-- start -->
        <test-method signature="tc_03_ValidateSignUp(java.lang.String,java.lang.String,java.lang.String,java.lang.String,java.lang.String,java.lang.String,java.lang.String,java.lang.String,java.lang.String,java.lang.String,java.lang.String,java.lang.String,java.lang.String)[pri:0, instance:testSpiceJet.TC_03_ValidateSignUp@2c78d320]" started-at="2023-06-06T18:54:11 IST" name="tc_03_ValidateSignUp" data-provider="getExcelData" finished-at="2023-06-06T18:54:20 IST" duration-ms="9787" status="PASS">
          <params>
            <param index="0">
              <value>
                <![CDATA[Miss]]>
              </value>
            </param>
            <param index="1">
              <value>
                <![CDATA[]]>
              </value>
            </param>
            <param index="2">
              <value>
                <![CDATA[]]>
              </value>
            </param>
            <param index="3">
              <value>
                <![CDATA[Japan]]>
              </value>
            </param>
            <param index="4">
              <value>
                <![CDATA[16]]>
              </value>
            </param>
            <param index="5">
              <value>
                <![CDATA[December]]>
              </value>
            </param>
            <param index="6">
              <value>
                <![CDATA[2003]]>
              </value>
            </param>
            <param index="7">
              <value>
                <![CDATA[]]>
              </value>
            </param>
            <param index="8">
              <value>
                <![CDATA[]]>
              </value>
            </param>
            <param index="9">
              <value>
                <![CDATA[]]>
              </value>
            </param>
            <param index="10">
              <value>
                <![CDATA[]]>
              </value>
            </param>
            <param index="11">
              <value>
                <![CDATA[//div[contains(text(),'Please fill all mandatory fields marked with an')]]]>
              </value>
            </param>
            <param index="12">
              <value>
                <![CDATA[Please fill all mandatory fields marked with an '*' to proceed]]>
              </value>
            </param>
          </params>
          <reporter-output>
          </reporter-output>
        </test-method> <!-- tc_03_ValidateSignUp -->
        <test-method is-config="true" signature="close()[pri:0, instance:testSpiceJet.TC_03_ValidateSignUp@2c78d320]" started-at="2023-06-06T18:54:20 IST" name="close" finished-at="2023-06-06T18:54:21 IST" duration-ms="396" status="PASS">
          <reporter-output>
          </reporter-output>
        </test-method> <!-- close -->
        <test-method is-config="true" signature="start()[pri:0, instance:testSpiceJet.TC_03_ValidateSignUp@2c78d320]" started-at="2023-06-06T18:54:21 IST" name="start" finished-at="2023-06-06T18:54:31 IST" duration-ms="10218" status="PASS">
          <reporter-output>
          </reporter-output>
        </test-method> <!-- start -->
        <test-method signature="tc_03_ValidateSignUp(java.lang.String,java.lang.String,java.lang.String,java.lang.String,java.lang.String,java.lang.String,java.lang.String,java.lang.String,java.lang.String,java.lang.String,java.lang.String,java.lang.String,java.lang.String)[pri:0, instance:testSpiceJet.TC_03_ValidateSignUp@2c78d320]" started-at="2023-06-06T18:54:31 IST" name="tc_03_ValidateSignUp" data-provider="getExcelData" finished-at="2023-06-06T18:54:53 IST" duration-ms="22150" status="FAIL">
          <params>
            <param index="0">
              <value>
                <![CDATA[Mr]]>
              </value>
            </param>
            <param index="1">
              <value>
                <![CDATA[Jaiswal]]>
              </value>
            </param>
            <param index="2">
              <value>
                <![CDATA[S]]>
              </value>
            </param>
            <param index="3">
              <value>
                <![CDATA[India]]>
              </value>
            </param>
            <param index="4">
              <value>
                <![CDATA[29]]>
              </value>
            </param>
            <param index="5">
              <value>
                <![CDATA[September]]>
              </value>
            </param>
            <param index="6">
              <value>
                <![CDATA[1996]]>
              </value>
            </param>
            <param index="7">
              <value>
                <![CDATA[1234567890]]>
              </value>
            </param>
            <param index="8">
              <value>
                <![CDATA[ninu@gmail.com]]>
              </value>
            </param>
            <param index="9">
              <value>
                <![CDATA[qwerty@123QWERTY]]>
              </value>
            </param>
            <param index="10">
              <value>
                <![CDATA[qwerty@123QWERTY]]>
              </value>
            </param>
            <param index="11">
              <value>
                <![CDATA[//label[text()='OTP Verification']]]>
              </value>
            </param>
            <param index="12">
              <value>
                <![CDATA[OTP Verification]]>
              </value>
            </param>
          </params>
          <exception class="org.openqa.selenium.ElementNotInteractableException">
            <message>
              <![CDATA[element not interactable
  (Session info: chrome=114.0.5735.110)
Build info: version: '3.141.59', revision: 'e82be7d358', time: '2018-11-14T08:17:03'
System info: host: 'DESKTOP-N995C3G', ip: '192.168.43.6', os.name: 'Windows 11', os.arch: 'amd64', os.version: '10.0', java.version: '17.0.5'
Driver info: org.openqa.selenium.chrome.ChromeDriver
Capabilities {acceptInsecureCerts: false, browserName: chrome, browserVersion: 114.0.5735.110, chrome: {chromedriverVersion: 114.0.5735.90 (386bc09e8f4f..., userDataDir: C:\Users\HP\AppData\Local\T...}, goog:chromeOptions: {debuggerAddress: localhost:60567}, javascriptEnabled: true, networkConnectionEnabled: false, pageLoadStrategy: normal, platform: WINDOWS, platformName: WINDOWS, proxy: Proxy(), setWindowRect: true, strictFileInteractability: false, timeouts: {implicit: 0, pageLoad: 300000, script: 30000}, unhandledPromptBehavior: dismiss and notify, webauthn:extension:credBlob: true, webauthn:extension:largeBlob: true, webauthn:extension:minPinLength: true, webauthn:extension:prf: true, webauthn:virtualAuthenticators: true}
Session ID: 20ccfdf76365fa332ed1f6c564ddc0a5]]>
            </message>
            <full-stacktrace>
              <![CDATA[org.openqa.selenium.ElementNotInteractableException: element not interactable
  (Session info: chrome=114.0.5735.110)
Build info: version: '3.141.59', revision: 'e82be7d358', time: '2018-11-14T08:17:03'
System info: host: 'DESKTOP-N995C3G', ip: '192.168.43.6', os.name: 'Windows 11', os.arch: 'amd64', os.version: '10.0', java.version: '17.0.5'
Driver info: org.openqa.selenium.chrome.ChromeDriver
Capabilities {acceptInsecureCerts: false, browserName: chrome, browserVersion: 114.0.5735.110, chrome: {chromedriverVersion: 114.0.5735.90 (386bc09e8f4f..., userDataDir: C:\Users\HP\AppData\Local\T...}, goog:chromeOptions: {debuggerAddress: localhost:60567}, javascriptEnabled: true, networkConnectionEnabled: false, pageLoadStrategy: normal, platform: WINDOWS, platformName: WINDOWS, proxy: Proxy(), setWindowRect: true, strictFileInteractability: false, timeouts: {implicit: 0, pageLoad: 300000, script: 30000}, unhandledPromptBehavior: dismiss and notify, webauthn:extension:credBlob: true, webauthn:extension:largeBlob: true, webauthn:extension:minPinLength: true, webauthn:extension:prf: true, webauthn:virtualAuthenticators: true}
Session ID: 20ccfdf76365fa332ed1f6c564ddc0a5
at java.base/jdk.internal.reflect.NativeConstructorAccessorImpl.newInstance0(Native Method)
at java.base/jdk.internal.reflect.NativeConstructorAccessorImpl.newInstance(NativeConstructorAccessorImpl.java:77)
at java.base/jdk.internal.reflect.DelegatingConstructorAccessorImpl.newInstance(DelegatingConstructorAccessorImpl.java:45)
at java.base/java.lang.reflect.Constructor.newInstanceWithCaller(Constructor.java:499)
at java.base/java.lang.reflect.Constructor.newInstance(Constructor.java:480)
at org.openqa.selenium.remote.http.W3CHttpResponseCodec.createException(W3CHttpResponseCodec.java:187)
at org.openqa.selenium.remote.http.W3CHttpResponseCodec.decode(W3CHttpResponseCodec.java:122)
at org.openqa.selenium.remote.http.W3CHttpResponseCodec.decode(W3CHttpResponseCodec.java:49)
at org.openqa.selenium.remote.HttpCommandExecutor.execute(HttpCommandExecutor.java:158)
at org.openqa.selenium.remote.service.DriverCommandExecutor.execute(DriverCommandExecutor.java:83)
at org.openqa.selenium.remote.RemoteWebDriver.execute(RemoteWebDriver.java:552)
at org.openqa.selenium.remote.RemoteWebElement.execute(RemoteWebElement.java:285)
at org.openqa.selenium.remote.RemoteWebElement.sendKeys(RemoteWebElement.java:106)
at jdk.internal.reflect.GeneratedMethodAccessor4.invoke(Unknown Source)
at java.base/jdk.internal.reflect.DelegatingMethodAccessorImpl.invoke(DelegatingMethodAccessorImpl.java:43)
at java.base/java.lang.reflect.Method.invoke(Method.java:568)
at org.openqa.selenium.support.pagefactory.internal.LocatingElementHandler.invoke(LocatingElementHandler.java:51)
at jdk.proxy2/jdk.proxy2.$Proxy15.sendKeys(Unknown Source)
at utilsSpiceJet.UtilsSpiceJet.type(UtilsSpiceJet.java:99)
at pagesSpiceJet.SignUpPage.memberEnrollment(SignUpPage.java:71)
at testSpiceJet.TC_03_ValidateSignUp.tc_03_ValidateSignUp(TC_03_ValidateSignUp.java:23)
at java.base/jdk.internal.reflect.NativeMethodAccessorImpl.invoke0(Native Method)
at java.base/jdk.internal.reflect.NativeMethodAccessorImpl.invoke(NativeMethodAccessorImpl.java:77)
at java.base/jdk.internal.reflect.DelegatingMethodAccessorImpl.invoke(DelegatingMethodAccessorImpl.java:43)
at java.base/java.lang.reflect.Method.invoke(Method.java:568)
at org.testng.internal.MethodInvocationHelper.invokeMethod(MethodInvocationHelper.java:133)
at org.testng.internal.TestInvoker.invokeMethod(TestInvoker.java:598)
at org.testng.internal.TestInvoker.invokeTestMethod(TestInvoker.java:173)
at org.testng.internal.MethodRunner.runInSequence(MethodRunner.java:46)
at org.testng.internal.TestInvoker$MethodInvocationAgent.invoke(TestInvoker.java:824)
at org.testng.internal.TestInvoker.invokeTestMethods(TestInvoker.java:146)
at org.testng.internal.TestMethodWorker.invokeTestMethods(TestMethodWorker.java:146)
at org.testng.internal.TestMethodWorker.run(TestMethodWorker.java:128)
at java.base/java.util.ArrayList.forEach(ArrayList.java:1511)
at org.testng.TestRunner.privateRun(TestRunner.java:794)
at org.testng.TestRunner.run(TestRunner.java:596)
at org.testng.SuiteRunner.runTest(SuiteRunner.java:377)
at org.testng.SuiteRunner.runSequentially(SuiteRunner.java:371)
at org.testng.SuiteRunner.privateRun(SuiteRunner.java:332)
at org.testng.SuiteRunner.run(SuiteRunner.java:276)
at org.testng.SuiteRunnerWorker.runSuite(SuiteRunnerWorker.java:53)
at org.testng.SuiteRunnerWorker.run(SuiteRunnerWorker.java:96)
at org.testng.TestNG.runSuitesSequentially(TestNG.java:1212)
at org.testng.TestNG.runSuitesLocally(TestNG.java:1134)
at org.testng.TestNG.runSuites(TestNG.java:1063)
at org.testng.TestNG.run(TestNG.java:1031)
at org.testng.remote.AbstractRemoteTestNG.run(AbstractRemoteTestNG.java:115)
at org.testng.remote.RemoteTestNG.initAndRun(RemoteTestNG.java:251)
at org.testng.remote.RemoteTestNG.main(RemoteTestNG.java:77)
]]>
            </full-stacktrace>
          </exception> <!-- org.openqa.selenium.ElementNotInteractableException -->
          <reporter-output>
          </reporter-output>
        </test-method> <!-- tc_03_ValidateSignUp -->
        <test-method is-config="true" signature="close()[pri:0, instance:testSpiceJet.TC_03_ValidateSignUp@2c78d320]" started-at="2023-06-06T18:54:54 IST" name="close" finished-at="2023-06-06T18:54:54 IST" duration-ms="556" status="PASS">
          <reporter-output>
          </reporter-output>
        </test-method> <!-- close -->
      </class> <!-- testSpiceJet.TC_03_ValidateSignUp -->
    </test> <!-- Test(failed) -->
  </suite> <!-- Failed suite [Suite] -->
</testng-results>
